sobel.c: In function ‘main’:
sobel.c:418:27: warning: format ‘%llu’ expects argument of type ‘long long unsigned int’, but argument 3 has type ‘long unsigned int’ [-Wformat=]
   fprintf(stderr, "\n%20llu; %15.3lf; %15.3lf; %15.3lf; %15.3lf; %15.3lf; %15.3lf %%;\n",
                      ~~~~~^
                      %20lu
sobel.c: In function ‘main’:
sobel.c:418:27: warning: format ‘%llu’ expects argument of type ‘long long unsigned int’, but argument 3 has type ‘long unsigned int’ [-Wformat=]
   fprintf(stderr, "\n%20llu; %15.3lf; %15.3lf; %15.3lf; %15.3lf; %15.3lf; %15.3lf %%;\n",
                      ~~~~~^
                      %20lu
sobel.c: In function ‘main’:
sobel.c:418:27: warning: format ‘%llu’ expects argument of type ‘long long unsigned int’, but argument 3 has type ‘long unsigned int’ [-Wformat=]
   fprintf(stderr, "\n%20llu; %15.3lf; %15.3lf; %15.3lf; %15.3lf; %15.3lf; %15.3lf %%;\n",
                      ~~~~~^
                      %20lu
sobel.c: In function ‘main’:
sobel.c:418:27: warning: format ‘%llu’ expects argument of type ‘long long unsigned int’, but argument 3 has type ‘long unsigned int’ [-Wformat=]
   fprintf(stderr, "\n%20llu; %15.3lf; %15.3lf; %15.3lf; %15.3lf; %15.3lf; %15.3lf %%;\n",
                      ~~~~~^
                      %20lu
sobel.c: In function ‘main’:
sobel.c:418:27: warning: format ‘%llu’ expects argument of type ‘long long unsigned int’, but argument 3 has type ‘long unsigned int’ [-Wformat=]
   fprintf(stderr, "\n%20llu; %15.3lf; %15.3lf; %15.3lf; %15.3lf; %15.3lf; %15.3lf %%;\n",
                      ~~~~~^
                      %20lu
sobel.c: In function ‘main’:
sobel.c:418:27: warning: format ‘%llu’ expects argument of type ‘long long unsigned int’, but argument 3 has type ‘long unsigned int’ [-Wformat=]
   fprintf(stderr, "\n%20llu; %15.3lf; %15.3lf; %15.3lf; %15.3lf; %15.3lf; %15.3lf %%;\n",
                      ~~~~~^
                      %20lu
sobel.c: In function ‘main’:
sobel.c:418:27: warning: format ‘%llu’ expects argument of type ‘long long unsigned int’, but argument 3 has type ‘long unsigned int’ [-Wformat=]
   fprintf(stderr, "\n%20llu; %15.3lf; %15.3lf; %15.3lf; %15.3lf; %15.3lf; %15.3lf %%;\n",
                      ~~~~~^
                      %20lu
sobel.c: In function ‘main’:
sobel.c:418:27: warning: format ‘%llu’ expects argument of type ‘long long unsigned int’, but argument 3 has type ‘long unsigned int’ [-Wformat=]
   fprintf(stderr, "\n%20llu; %15.3lf; %15.3lf; %15.3lf; %15.3lf; %15.3lf; %15.3lf %%;\n",
                      ~~~~~^
                      %20lu
sobel.c: In function ‘main’:
sobel.c:418:27: warning: format ‘%llu’ expects argument of type ‘long long unsigned int’, but argument 3 has type ‘long unsigned int’ [-Wformat=]
   fprintf(stderr, "\n%20llu; %15.3lf; %15.3lf; %15.3lf; %15.3lf; %15.3lf; %15.3lf %%;\n",
                      ~~~~~^
                      %20lu
sobel.c: In function ‘main’:
sobel.c:418:27: warning: format ‘%llu’ expects argument of type ‘long long unsigned int’, but argument 3 has type ‘long unsigned int’ [-Wformat=]
   fprintf(stderr, "\n%20llu; %15.3lf; %15.3lf; %15.3lf; %15.3lf; %15.3lf; %15.3lf %%;\n",
                      ~~~~~^
                      %20lu
sobel.c: In function ‘main’:
sobel.c:418:27: warning: format ‘%llu’ expects argument of type ‘long long unsigned int’, but argument 3 has type ‘long unsigned int’ [-Wformat=]
   fprintf(stderr, "\n%20llu; %15.3lf; %15.3lf; %15.3lf; %15.3lf; %15.3lf; %15.3lf %%;\n",
                      ~~~~~^
                      %20lu
sobel.c: In function ‘main’:
sobel.c:418:27: warning: format ‘%llu’ expects argument of type ‘long long unsigned int’, but argument 3 has type ‘long unsigned int’ [-Wformat=]
   fprintf(stderr, "\n%20llu; %15.3lf; %15.3lf; %15.3lf; %15.3lf; %15.3lf; %15.3lf %%;\n",
                      ~~~~~^
                      %20lu
