gcc -DBASELINE=1 -g3 -march=native -O1 sobel.c common.c -o sobel -lm
gcc -DUNROLL=1 -g3 -march=native -O1 sobel.c common.c -o sobel -lm
gcc -DUNROLL_FULL=1 -g3 -march=native -O1 sobel.c common.c -o sobel -lm
gcc -DBASELINE=1 -g3 -march=native -O2 sobel.c common.c -o sobel -lm
gcc -DUNROLL=1 -g3 -march=native -O2 sobel.c common.c -o sobel -lm
gcc -DUNROLL_FULL=1 -g3 -march=native -O2 sobel.c common.c -o sobel -lm
gcc -DBASELINE=1 -g3 -march=native -O3 sobel.c common.c -o sobel -lm
gcc -DUNROLL=1 -g3 -march=native -O3 sobel.c common.c -o sobel -lm
gcc -DUNROLL_FULL=1 -g3 -march=native -O3 sobel.c common.c -o sobel -lm
gcc -DBASELINE=1 -g3 -march=native -Ofast sobel.c common.c -o sobel -lm
gcc -DUNROLL=1 -g3 -march=native -Ofast sobel.c common.c -o sobel -lm
gcc -DUNROLL_FULL=1 -g3 -march=native -Ofast sobel.c common.c -o sobel -lm
icc -DBASELINE=1 -g3 -march=native -O1 sobel.c common.c -o sobel -lm
icc -DUNROLL=1 -g3 -march=native -O1 sobel.c common.c -o sobel -lm
icc -DUNROLL_FULL=1 -g3 -march=native -O1 sobel.c common.c -o sobel -lm
icc -DBASELINE=1 -g3 -march=native -O2 sobel.c common.c -o sobel -lm
icc -DUNROLL=1 -g3 -march=native -O2 sobel.c common.c -o sobel -lm
icc -DUNROLL_FULL=1 -g3 -march=native -O2 sobel.c common.c -o sobel -lm
icc -DBASELINE=1 -g3 -march=native -O3 sobel.c common.c -o sobel -lm
icc -DUNROLL=1 -g3 -march=native -O3 sobel.c common.c -o sobel -lm
icc -DUNROLL_FULL=1 -g3 -march=native -O3 sobel.c common.c -o sobel -lm
icc -DBASELINE=1 -g3 -march=native -Ofast sobel.c common.c -o sobel -lm
icc -DUNROLL=1 -g3 -march=native -Ofast sobel.c common.c -o sobel -lm
icc -DUNROLL_FULL=1 -g3 -march=native -Ofast sobel.c common.c -o sobel -lm
